<?xml version="1.0" encoding="UTF-8"?>
<!-- Generated by org.testng.reporters.JUnitReportReporter -->
<testsuite skipped="0" hostname="DESKTOP-R87U3R0" name="basicAnnotations.TestNGClass4" tests="2" failures="0" timestamp="2020-08-08T11:51:08 IST" time="0.008" errors="0">
  <testcase name="test1" time="0.005" classname="basicAnnotations.TestNGClass4"/>
  <system-out/>
  <testcase name="test2" time="0.003" classname="basicAnnotations.TestNGClass4"/>
  <system-out/>
</testsuite> <!-- basicAnnotations.TestNGClass4 -->
