<?xml version="1.0" encoding="UTF-8"?>
<!-- Generated by org.testng.reporters.JUnitReportReporter -->
<testsuite skipped="0" hostname="DESKTOP-R87U3R0" name="basicAnnotations.TestNGFirstClass" tests="3" failures="0" timestamp="2020-08-08T11:51:08 IST" time="0.036" errors="0">
  <testcase name="test2" time="0.011" classname="basicAnnotations.TestNGFirstClass"/>
  <system-out/>
  <testcase name="test1" time="0.014" classname="basicAnnotations.TestNGFirstClass"/>
  <system-out/>
  <testcase name="test3" time="0.011" classname="basicAnnotations.TestNGFirstClass"/>
  <system-out/>
</testsuite> <!-- basicAnnotations.TestNGFirstClass -->
