<?xml version="1.0" encoding="UTF-8"?>
<!-- Generated by org.testng.reporters.JUnitReportReporter -->
<testsuite skipped="0" hostname="DESKTOP-R87U3R0" name="testNGAttributes.TestNGDataProvider" tests="3" failures="0" timestamp="2020-08-08T12:47:00 IST" time="0.041" errors="0">
  <testcase name="login" time="0.033" classname="testNGAttributes.TestNGDataProvider"/>
  <system-out/>
  <testcase name="login" time="0.005" classname="testNGAttributes.TestNGDataProvider"/>
  <system-out/>
  <testcase name="login" time="0.003" classname="testNGAttributes.TestNGDataProvider"/>
  <system-out/>
</testsuite> <!-- testNGAttributes.TestNGDataProvider -->
