<?xml version="1.0" encoding="UTF-8"?>
<!-- Generated by org.testng.reporters.JUnitReportReporter -->
<testsuite skipped="0" hostname="DESKTOP-R87U3R0" name="testNGAttributes.TestNGParametres" tests="1" failures="0" timestamp="2020-08-08T12:59:10 IST" time="0.023" errors="0">
  <testcase name="launchBrowser" time="0.023" classname="testNGAttributes.TestNGParametres"/>
  <system-out/>
</testsuite> <!-- testNGAttributes.TestNGParametres -->
